# JRE version: Java(TM) SE Runtime Environment (8.0_231-b11) (build 1.8.0_231-b11)
# Java VM: Java HotSpot(TM) 64-Bit Server VM (25.231-b11 mixed mode windows-amd64 compressed oops)
Heap:
 PSYoungGen      total 549888K, used 203635K [0x000000076ba00000, 0x000000079b280000, 0x00000007c0000000)
  eden space 522752K, 38% used [0x000000076ba00000,0x00000007780dcd98,0x000000078b880000)
  from space 27136K, 0% used [0x000000078b880000,0x000000078b880000,0x000000078d300000)
  to   space 26624K, 0% used [0x0000000799880000,0x0000000799880000,0x000000079b280000)
 ParOldGen       total 131072K, used 53557K [0x00000006c2e00000, 0x00000006cae00000, 0x000000076ba00000)
  object space 131072K, 40% used [0x00000006c2e00000,0x00000006c624d530,0x00000006cae00000)
 Metaspace       used 59077K, capacity 61558K, committed 61696K, reserved 1103872K
  class space    used 7334K, capacity 7829K, committed 7936K, reserved 1048576K
GC Heap History (10 events):
Event: 19.788 GC heap before
{Heap before GC invocations=12 (full 2):
 PSYoungGen      total 274432K, used 271229K [0x000000076ba00000, 0x0000000785680000, 0x00000007c0000000)
  eden space 251904K, 100% used [0x000000076ba00000,0x000000077b000000,0x000000077b000000)
  from space 22528K, 85% used [0x000000077b000000,0x000000077c2df5b8,0x000000077c600000)
  to   space 24064K, 0% used [0x0000000783f00000,0x0000000783f00000,0x0000000785680000)
 ParOldGen       total 131072K, used 25158K [0x00000006c2e00000, 0x00000006cae00000, 0x000000076ba00000)
  object space 131072K, 19% used [0x00000006c2e00000,0x00000006c4691a08,0x00000006cae00000)
 Metaspace       used 53502K, capacity 55642K, committed 55808K, reserved 1097728K
  class space    used 6975K, capacity 7373K, committed 7424K, reserved 1048576K
Event: 19.807 GC heap after
Heap after GC invocations=12 (full 2):
 PSYoungGen      total 390656K, used 23113K [0x000000076ba00000, 0x0000000785600000, 0x00000007c0000000)
  eden space 367104K, 0% used [0x000000076ba00000,0x000000076ba00000,0x0000000782080000)
  from space 23552K, 98% used [0x0000000783f00000,0x0000000785592558,0x0000000785600000)
  to   space 26624K, 0% used [0x0000000782200000,0x0000000782200000,0x0000000783c00000)
 ParOldGen       total 131072K, used 25166K [0x00000006c2e00000, 0x00000006cae00000, 0x000000076ba00000)
  object space 131072K, 19% used [0x00000006c2e00000,0x00000006c4693a08,0x00000006cae00000)
 Metaspace       used 53502K, capacity 55642K, committed 55808K, reserved 1097728K
  class space    used 6975K, capacity 7373K, committed 7424K, reserved 1048576K
}
Event: 20.731 GC heap before
{Heap before GC invocations=13 (full 2):
 PSYoungGen      total 390656K, used 390217K [0x000000076ba00000, 0x0000000785600000, 0x00000007c0000000)
  eden space 367104K, 100% used [0x000000076ba00000,0x0000000782080000,0x0000000782080000)
  from space 23552K, 98% used [0x0000000783f00000,0x0000000785592558,0x0000000785600000)
  to   space 26624K, 0% used [0x0000000782200000,0x0000000782200000,0x0000000783c00000)
 ParOldGen       total 131072K, used 25166K [0x00000006c2e00000, 0x00000006cae00000, 0x000000076ba00000)
  object space 131072K, 19% used [0x00000006c2e00000,0x00000006c4693a08,0x00000006cae00000)
 Metaspace       used 54248K, capacity 56492K, committed 56704K, reserved 1097728K
  class space    used 7047K, capacity 7492K, committed 7552K, reserved 1048576K
Event: 20.751 GC heap after
Heap after GC invocations=13 (full 2):
 PSYoungGen      total 395264K, used 4480K [0x000000076ba00000, 0x000000078f500000, 0x00000007c0000000)
  eden space 368640K, 0% used [0x000000076ba00000,0x000000076ba00000,0x0000000782200000)
  from space 26624K, 16% used [0x0000000782200000,0x0000000782660010,0x0000000783c00000)
  to   space 27136K, 0% used [0x000000078da80000,0x000000078da80000,0x000000078f500000)
 ParOldGen       total 131072K, used 42678K [0x00000006c2e00000, 0x00000006cae00000, 0x000000076ba00000)
  object space 131072K, 32% used [0x00000006c2e00000,0x00000006c57adb18,0x00000006cae00000)
 Metaspace       used 54248K, capacity 56492K, committed 56704K, reserved 1097728K
  class space    used 7047K, capacity 7492K, committed 7552K, reserved 1048576K
}
Event: 21.681 GC heap before
{Heap before GC invocations=14 (full 2):
 PSYoungGen      total 395264K, used 373120K [0x000000076ba00000, 0x000000078f500000, 0x00000007c0000000)
  eden space 368640K, 100% used [0x000000076ba00000,0x0000000782200000,0x0000000782200000)
  from space 26624K, 16% used [0x0000000782200000,0x0000000782660010,0x0000000783c00000)
  to   space 27136K, 0% used [0x000000078da80000,0x000000078da80000,0x000000078f500000)
 ParOldGen       total 131072K, used 42678K [0x00000006c2e00000, 0x00000006cae00000, 0x000000076ba00000)
  object space 131072K, 32% used [0x00000006c2e00000,0x00000006c57adb18,0x00000006cae00000)
 Metaspace       used 54653K, capacity 56846K, committed 56960K, reserved 1099776K
  class space    used 7072K, capacity 7497K, committed 7552K, reserved 1048576K
Event: 21.688 GC heap after
Heap after GC invocations=14 (full 2):
 PSYoungGen      total 542208K, used 4400K [0x000000076ba00000, 0x000000078ed80000, 0x00000007c0000000)
  eden space 522752K, 0% used [0x000000076ba00000,0x000000076ba00000,0x000000078b880000)
  from space 19456K, 22% used [0x000000078da80000,0x000000078decc040,0x000000078ed80000)
  to   space 27136K, 0% used [0x000000078b880000,0x000000078b880000,0x000000078d300000)
 ParOldGen       total 131072K, used 46326K [0x00000006c2e00000, 0x00000006cae00000, 0x000000076ba00000)
  object space 131072K, 35% used [0x00000006c2e00000,0x00000006c5b3db38,0x00000006cae00000)
 Metaspace       used 54653K, capacity 56846K, committed 56960K, reserved 1099776K
  class space    used 7072K, capacity 7497K, committed 7552K, reserved 1048576K
}
Event: 23.376 GC heap before
{Heap before GC invocations=15 (full 2):
 PSYoungGen      total 542208K, used 290154K [0x000000076ba00000, 0x000000078ed80000, 0x00000007c0000000)
  eden space 522752K, 54% used [0x000000076ba00000,0x000000077d10e878,0x000000078b880000)
  from space 19456K, 22% used [0x000000078da80000,0x000000078decc040,0x000000078ed80000)
  to   space 27136K, 0% used [0x000000078b880000,0x000000078b880000,0x000000078d300000)
 ParOldGen       total 131072K, used 46326K [0x00000006c2e00000, 0x00000006cae00000, 0x000000076ba00000)
  object space 131072K, 35% used [0x00000006c2e00000,0x00000006c5b3db38,0x00000006cae00000)
 Metaspace       used 56816K, capacity 59136K, committed 59160K, reserved 1101824K
  class space    used 7214K, capacity 7676K, committed 7680K, reserved 1048576K
Event: 23.386 GC heap after
Heap after GC invocations=15 (full 2):
 PSYoungGen      total 549888K, used 5600K [0x000000076ba00000, 0x000000079b280000, 0x00000007c0000000)
  eden space 522752K, 0% used [0x000000076ba00000,0x000000076ba00000,0x000000078b880000)
  from space 27136K, 20% used [0x000000078b880000,0x000000078bdf8040,0x000000078d300000)
  to   space 26624K, 0% used [0x0000000799880000,0x0000000799880000,0x000000079b280000)
 ParOldGen       total 131072K, used 49918K [0x00000006c2e00000, 0x00000006cae00000, 0x000000076ba00000)
  object space 131072K, 38% used [0x00000006c2e00000,0x00000006c5ebfbc0,0x00000006cae00000)
 Metaspace       used 56816K, capacity 59136K, committed 59160K, reserved 1101824K
  class space    used 7214K, capacity 7676K, committed 7680K, reserved 1048576K
}
Event: 23.386 GC heap before
{Heap before GC invocations=16 (full 3):
 PSYoungGen      total 549888K, used 5600K [0x000000076ba00000, 0x000000079b280000, 0x00000007c0000000)
  eden space 522752K, 0% used [0x000000076ba00000,0x000000076ba00000,0x000000078b880000)
  from space 27136K, 20% used [0x000000078b880000,0x000000078bdf8040,0x000000078d300000)
  to   space 26624K, 0% used [0x0000000799880000,0x0000000799880000,0x000000079b280000)
 ParOldGen       total 131072K, used 49918K [0x00000006c2e00000, 0x00000006cae00000, 0x000000076ba00000)
  object space 131072K, 38% used [0x00000006c2e00000,0x00000006c5ebfbc0,0x00000006cae00000)
 Metaspace       used 56816K, capacity 59136K, committed 59160K, reserved 1101824K
  class space    used 7214K, capacity 7676K, committed 7680K, reserved 1048576K
Event: 23.810 GC heap after
Heap after GC invocations=16 (full 3):
 PSYoungGen      total 549888K, used 0K [0x000000076ba00000, 0x000000079b280000, 0x00000007c0000000)
  eden space 522752K, 0% used [0x000000076ba00000,0x000000076ba00000,0x000000078b880000)
  from space 27136K, 0% used [0x000000078b880000,0x000000078b880000,0x000000078d300000)
  to   space 26624K, 0% used [0x0000000799880000,0x0000000799880000,0x000000079b280000)
 ParOldGen       total 131072K, used 53557K [0x00000006c2e00000, 0x00000006cae00000, 0x000000076ba00000)
  object space 131072K, 40% used [0x00000006c2e00000,0x00000006c624d530,0x00000006cae00000)
 Metaspace       used 56816K, capacity 59136K, committed 59160K, reserved 1101824K
  class space    used 7214K, capacity 7676K, committed 7680K, reserved 1048576K
}

